[12:56:26] [main/INFO]: Setting user: Player187
[12:56:27] [Client thread/INFO]: LWJGL Version: 2.9.1
[12:56:32] [Client thread/INFO]: Reloading ResourceManager: Default, FMLFileResourcePack:Forge Mod Loader, FMLFileResourcePack:Minecraft Forge, FMLFileResourcePack:Newtonian Physics
[12:56:32] [Client thread/WARN]: ResourcePack: ignored non-lowercase namespace: %s in %s
[12:56:32] [Sound Library Loader/INFO]: Sound engine started
[12:56:34] [Client thread/INFO]: Created: 512x256 textures/blocks-atlas
[12:56:34] [Client thread/ERROR]: Using missing texture, unable to load np0.0:textures/items/mechanicalPencil.png
java.io.FileNotFoundException: np0.0:textures/items/mechanicalPencil.png
	at net.minecraft.client.resources.SimpleReloadableResourceManager.getResource(SimpleReloadableResourceManager.java:71) ~[SimpleReloadableResourceManager.class:?]
	at net.minecraft.client.renderer.texture.TextureMap.loadTextureAtlas(TextureMap.java:126) [TextureMap.class:?]
	at net.minecraft.client.renderer.texture.TextureMap.loadTexture(TextureMap.java:91) [TextureMap.class:?]
	at net.minecraft.client.renderer.texture.TextureManager.loadTexture(TextureManager.java:89) [TextureManager.class:?]
	at net.minecraft.client.renderer.texture.TextureManager.loadTickableTexture(TextureManager.java:71) [TextureManager.class:?]
	at net.minecraft.client.renderer.texture.TextureManager.loadTextureMap(TextureManager.java:58) [TextureManager.class:?]
	at net.minecraft.client.Minecraft.startGame(Minecraft.java:583) [Minecraft.class:?]
	at net.minecraft.client.Minecraft.run(Minecraft.java:931) [Minecraft.class:?]
	at net.minecraft.client.main.Main.main(Main.java:164) [Main.class:?]
	at sun.reflect.NativeMethodAccessorImpl.invoke0(Native Method) ~[?:1.7.0_67]
	at sun.reflect.NativeMethodAccessorImpl.invoke(Unknown Source) ~[?:1.7.0_67]
	at sun.reflect.DelegatingMethodAccessorImpl.invoke(Unknown Source) ~[?:1.7.0_67]
	at java.lang.reflect.Method.invoke(Unknown Source) ~[?:1.7.0_67]
	at net.minecraft.launchwrapper.Launch.launch(Launch.java:135) [launchwrapper-1.11.jar:?]
	at net.minecraft.launchwrapper.Launch.main(Launch.java:28) [launchwrapper-1.11.jar:?]
	at net.minecraftforge.gradle.GradleStartCommon.launch(GradleStartCommon.java:78) [start/:?]
	at GradleStart.main(GradleStart.java:45) [start/:?]
[12:56:34] [Client thread/INFO]: Created: 256x256 textures/items-atlas
[12:56:34] [Client thread/INFO]: Reloading ResourceManager: Default, FMLFileResourcePack:Forge Mod Loader, FMLFileResourcePack:Minecraft Forge, FMLFileResourcePack:Newtonian Physics
[12:56:34] [Client thread/WARN]: ResourcePack: ignored non-lowercase namespace: %s in %s
[12:56:34] [Client thread/ERROR]: Using missing texture, unable to load np0.0:textures/items/mechanicalPencil.png
java.io.FileNotFoundException: np0.0:textures/items/mechanicalPencil.png
	at net.minecraft.client.resources.SimpleReloadableResourceManager.getResource(SimpleReloadableResourceManager.java:71) ~[SimpleReloadableResourceManager.class:?]
	at net.minecraft.client.renderer.texture.TextureMap.loadTextureAtlas(TextureMap.java:126) [TextureMap.class:?]
	at net.minecraft.client.renderer.texture.TextureMap.loadTexture(TextureMap.java:91) [TextureMap.class:?]
	at net.minecraft.client.renderer.texture.TextureManager.loadTexture(TextureManager.java:89) [TextureManager.class:?]
	at net.minecraft.client.renderer.texture.TextureManager.onResourceManagerReload(TextureManager.java:170) [TextureManager.class:?]
	at net.minecraft.client.resources.SimpleReloadableResourceManager.notifyReloadListeners(SimpleReloadableResourceManager.java:134) [SimpleReloadableResourceManager.class:?]
	at net.minecraft.client.resources.SimpleReloadableResourceManager.reloadResources(SimpleReloadableResourceManager.java:118) [SimpleReloadableResourceManager.class:?]
	at net.minecraft.client.Minecraft.refreshResources(Minecraft.java:643) [Minecraft.class:?]
	at cpw.mods.fml.client.FMLClientHandler.finishMinecraftLoading(FMLClientHandler.java:303) [FMLClientHandler.class:?]
	at net.minecraft.client.Minecraft.startGame(Minecraft.java:586) [Minecraft.class:?]
	at net.minecraft.client.Minecraft.run(Minecraft.java:931) [Minecraft.class:?]
	at net.minecraft.client.main.Main.main(Main.java:164) [Main.class:?]
	at sun.reflect.NativeMethodAccessorImpl.invoke0(Native Method) ~[?:1.7.0_67]
	at sun.reflect.NativeMethodAccessorImpl.invoke(Unknown Source) ~[?:1.7.0_67]
	at sun.reflect.DelegatingMethodAccessorImpl.invoke(Unknown Source) ~[?:1.7.0_67]
	at java.lang.reflect.Method.invoke(Unknown Source) ~[?:1.7.0_67]
	at net.minecraft.launchwrapper.Launch.launch(Launch.java:135) [launchwrapper-1.11.jar:?]
	at net.minecraft.launchwrapper.Launch.main(Launch.java:28) [launchwrapper-1.11.jar:?]
	at net.minecraftforge.gradle.GradleStartCommon.launch(GradleStartCommon.java:78) [start/:?]
	at GradleStart.main(GradleStart.java:45) [start/:?]
[12:56:34] [Client thread/INFO]: Created: 256x256 textures/items-atlas
[12:56:35] [Client thread/INFO]: Created: 512x256 textures/blocks-atlas
[12:56:36] [Sound Library Loader/INFO]: Sound engine started
[12:56:39] [Server thread/INFO]: Starting integrated minecraft server version 1.7.10
[12:56:39] [Server thread/INFO]: Generating keypair
[12:56:39] [Server thread/INFO]: Preparing start region for level 0
[12:56:40] [Server thread/INFO]: Changing view distance to 12, from 10
[12:56:41] [Server thread/INFO]: Player187[local:E:c2516fbc] logged in with entity id 318 at (1637.3174274698965, 20.997279892521767, -444.27525830174034)
[12:56:41] [Server thread/INFO]: Player187 joined the game
[12:56:47] [Server thread/INFO]: Saving and pausing game...
[12:56:47] [Server thread/INFO]: Saving chunks for level 'New World'/Overworld
[12:56:47] [Server thread/INFO]: Saving chunks for level 'New World'/Nether
[12:56:47] [Server thread/INFO]: Saving chunks for level 'New World'/The End
[12:56:48] [Server thread/INFO]: Player187 has just earned the achievement [Taking Inventory]
[12:56:48] [Client thread/INFO]: [CHAT] Player187 has just earned the achievement [Taking Inventory]
[12:56:51] [Server thread/INFO]: Saving and pausing game...
[12:56:51] [Server thread/INFO]: Saving chunks for level 'New World'/Overworld
[12:56:51] [Server thread/INFO]: Saving chunks for level 'New World'/Nether
[12:56:51] [Server thread/INFO]: Saving chunks for level 'New World'/The End
[13:03:12] [Client thread/INFO]: Stopping!
[13:03:12] [Server thread/INFO]: Stopping server
[13:03:12] [Server thread/INFO]: Saving players
[13:03:12] [Server thread/INFO]: Saving worlds
[13:03:12] [Server thread/INFO]: Saving chunks for level 'New World'/Overworld
[13:03:12] [Server thread/INFO]: Saving chunks for level 'New World'/Nether
[13:03:12] [Server thread/INFO]: Saving chunks for level 'New World'/The End
